Determining if the pthread_create exist failed with the following output:
Change Dir: /home/nvidia/ssd/source/redtail/tools/camera_rig/widecam_mono_calibration/CMakeFiles/CMakeTmp

Run Build Command:"/usr/bin/make" "cmTC_cd0ab/fast"
/usr/bin/make -f CMakeFiles/cmTC_cd0ab.dir/build.make CMakeFiles/cmTC_cd0ab.dir/build
make[1]: Entering directory '/media/nvidia/492f6f70-87f9-4c99-b4a7-d2e4c5ec62af/source/redtail/tools/camera_rig/widecam_mono_calibration/CMakeFiles/CMakeTmp'
Building C object CMakeFiles/cmTC_cd0ab.dir/CheckSymbolExists.c.o
/usr/bin/cc    -fPIC    -o CMakeFiles/cmTC_cd0ab.dir/CheckSymbolExists.c.o   -c /home/nvidia/ssd/source/redtail/tools/camera_rig/widecam_mono_calibration/CMakeFiles/CMakeTmp/CheckSymbolExists.c
Linking C executable cmTC_cd0ab
/usr/bin/cmake -E cmake_link_script CMakeFiles/cmTC_cd0ab.dir/link.txt --verbose=1
/usr/bin/cc  -fPIC     CMakeFiles/cmTC_cd0ab.dir/CheckSymbolExists.c.o  -o cmTC_cd0ab -rdynamic 
CMakeFiles/cmTC_cd0ab.dir/CheckSymbolExists.c.o: In function `main':
CheckSymbolExists.c:(.text+0x14): undefined reference to `pthread_create'
CheckSymbolExists.c:(.text+0x18): undefined reference to `pthread_create'
collect2: error: ld returned 1 exit status
CMakeFiles/cmTC_cd0ab.dir/build.make:97: recipe for target 'cmTC_cd0ab' failed
make[1]: *** [cmTC_cd0ab] Error 1
make[1]: Leaving directory '/media/nvidia/492f6f70-87f9-4c99-b4a7-d2e4c5ec62af/source/redtail/tools/camera_rig/widecam_mono_calibration/CMakeFiles/CMakeTmp'
Makefile:126: recipe for target 'cmTC_cd0ab/fast' failed
make: *** [cmTC_cd0ab/fast] Error 2

File /home/nvidia/ssd/source/redtail/tools/camera_rig/widecam_mono_calibration/CMakeFiles/CMakeTmp/CheckSymbolExists.c:
/* */
#include <pthread.h>

int main(int argc, char** argv)
{
  (void)argv;
#ifndef pthread_create
  return ((int*)(&pthread_create))[argc];
#else
  (void)argc;
  return 0;
#endif
}

Determining if the function pthread_create exists in the pthreads failed with the following output:
Change Dir: /home/nvidia/ssd/source/redtail/tools/camera_rig/widecam_mono_calibration/CMakeFiles/CMakeTmp

Run Build Command:"/usr/bin/make" "cmTC_ab56e/fast"
/usr/bin/make -f CMakeFiles/cmTC_ab56e.dir/build.make CMakeFiles/cmTC_ab56e.dir/build
make[1]: Entering directory '/media/nvidia/492f6f70-87f9-4c99-b4a7-d2e4c5ec62af/source/redtail/tools/camera_rig/widecam_mono_calibration/CMakeFiles/CMakeTmp'
Building C object CMakeFiles/cmTC_ab56e.dir/CheckFunctionExists.c.o
/usr/bin/cc    -fPIC -DCHECK_FUNCTION_EXISTS=pthread_create   -o CMakeFiles/cmTC_ab56e.dir/CheckFunctionExists.c.o   -c /usr/share/cmake-3.5/Modules/CheckFunctionExists.c
Linking C executable cmTC_ab56e
/usr/bin/cmake -E cmake_link_script CMakeFiles/cmTC_ab56e.dir/link.txt --verbose=1
/usr/bin/cc  -fPIC -DCHECK_FUNCTION_EXISTS=pthread_create    CMakeFiles/cmTC_ab56e.dir/CheckFunctionExists.c.o  -o cmTC_ab56e -rdynamic -lpthreads 
/usr/bin/ld: cannot find -lpthreads
collect2: error: ld returned 1 exit status
CMakeFiles/cmTC_ab56e.dir/build.make:97: recipe for target 'cmTC_ab56e' failed
make[1]: *** [cmTC_ab56e] Error 1
make[1]: Leaving directory '/media/nvidia/492f6f70-87f9-4c99-b4a7-d2e4c5ec62af/source/redtail/tools/camera_rig/widecam_mono_calibration/CMakeFiles/CMakeTmp'
Makefile:126: recipe for target 'cmTC_ab56e/fast' failed
make: *** [cmTC_ab56e/fast] Error 2


